# JRE version: OpenJDK Runtime Environment (8.0_152-b06) (build 1.8.0_152-release-1136-b06)
# Java VM: OpenJDK 64-Bit Server VM (25.152-b06 mixed mode windows-amd64 compressed oops)
Heap:
 PSYoungGen      total 303616K, used 281868K [0x00000000e0000000, 0x00000000f7a00000, 0x0000000100000000)
  eden space 279040K, 98% used [0x00000000e0000000,0x00000000f0c2b270,0x00000000f1080000)
  from space 24576K, 29% used [0x00000000f1080000,0x00000000f1797e30,0x00000000f2880000)
  to   space 23552K, 0% used [0x00000000f6300000,0x00000000f6300000,0x00000000f7a00000)
 ParOldGen       total 125440K, used 63469K [0x00000000a0000000, 0x00000000a7a80000, 0x00000000e0000000)
  object space 125440K, 50% used [0x00000000a0000000,0x00000000a3dfb708,0x00000000a7a80000)
 Metaspace       used 82203K, capacity 85426K, committed 85656K, reserved 1124352K
  class space    used 10510K, capacity 11149K, committed 11184K, reserved 1048576K
GC Heap History (10 events):
Event: 96.269 GC heap before
{Heap before GC invocations=18 (full 3):
 PSYoungGen      total 212480K, used 212479K [0x00000000e0000000, 0x00000000ee680000, 0x0000000100000000)
  eden space 196608K, 100% used [0x00000000e0000000,0x00000000ec000000,0x00000000ec000000)
  from space 15872K, 99% used [0x00000000ed700000,0x00000000ee67fd98,0x00000000ee680000)
  to   space 18944K, 0% used [0x00000000ec180000,0x00000000ec180000,0x00000000ed400000)
 ParOldGen       total 125440K, used 35294K [0x00000000a0000000, 0x00000000a7a80000, 0x00000000e0000000)
  object space 125440K, 28% used [0x00000000a0000000,0x00000000a2277a50,0x00000000a7a80000)
 Metaspace       used 79587K, capacity 82564K, committed 82712K, reserved 1120256K
  class space    used 10386K, capacity 11000K, committed 11056K, reserved 1048576K
Event: 96.303 GC heap after
Heap after GC invocations=18 (full 3):
 PSYoungGen      total 217088K, used 14199K [0x00000000e0000000, 0x00000000f1080000, 0x0000000100000000)
  eden space 198144K, 0% used [0x00000000e0000000,0x00000000e0000000,0x00000000ec180000)
  from space 18944K, 74% used [0x00000000ec180000,0x00000000ecf5dcd0,0x00000000ed400000)
  to   space 19968K, 0% used [0x00000000efd00000,0x00000000efd00000,0x00000000f1080000)
 ParOldGen       total 125440K, used 43356K [0x00000000a0000000, 0x00000000a7a80000, 0x00000000e0000000)
  object space 125440K, 34% used [0x00000000a0000000,0x00000000a2a57200,0x00000000a7a80000)
 Metaspace       used 79587K, capacity 82564K, committed 82712K, reserved 1120256K
  class space    used 10386K, capacity 11000K, committed 11056K, reserved 1048576K
}
Event: 97.867 GC heap before
{Heap before GC invocations=19 (full 3):
 PSYoungGen      total 217088K, used 212343K [0x00000000e0000000, 0x00000000f1080000, 0x0000000100000000)
  eden space 198144K, 100% used [0x00000000e0000000,0x00000000ec180000,0x00000000ec180000)
  from space 18944K, 74% used [0x00000000ec180000,0x00000000ecf5dcd0,0x00000000ed400000)
  to   space 19968K, 0% used [0x00000000efd00000,0x00000000efd00000,0x00000000f1080000)
 ParOldGen       total 125440K, used 43356K [0x00000000a0000000, 0x00000000a7a80000, 0x00000000e0000000)
  object space 125440K, 34% used [0x00000000a0000000,0x00000000a2a57200,0x00000000a7a80000)
 Metaspace       used 80113K, capacity 83098K, committed 83224K, reserved 1122304K
  class space    used 10393K, capacity 11011K, committed 11056K, reserved 1048576K
Event: 97.904 GC heap after
Heap after GC invocations=19 (full 3):
 PSYoungGen      total 254464K, used 19940K [0x00000000e0000000, 0x00000000f2680000, 0x0000000100000000)
  eden space 234496K, 0% used [0x00000000e0000000,0x00000000e0000000,0x00000000ee500000)
  from space 19968K, 99% used [0x00000000efd00000,0x00000000f10793b0,0x00000000f1080000)
  to   space 24576K, 0% used [0x00000000ee500000,0x00000000ee500000,0x00000000efd00000)
 ParOldGen       total 125440K, used 48567K [0x00000000a0000000, 0x00000000a7a80000, 0x00000000e0000000)
  object space 125440K, 38% used [0x00000000a0000000,0x00000000a2f6dee8,0x00000000a7a80000)
 Metaspace       used 80113K, capacity 83098K, committed 83224K, reserved 1122304K
  class space    used 10393K, capacity 11011K, committed 11056K, reserved 1048576K
}
Event: 99.166 GC heap before
{Heap before GC invocations=20 (full 3):
 PSYoungGen      total 254464K, used 253958K [0x00000000e0000000, 0x00000000f2680000, 0x0000000100000000)
  eden space 234496K, 99% used [0x00000000e0000000,0x00000000ee488600,0x00000000ee500000)
  from space 19968K, 99% used [0x00000000efd00000,0x00000000f10793b0,0x00000000f1080000)
  to   space 24576K, 0% used [0x00000000ee500000,0x00000000ee500000,0x00000000efd00000)
 ParOldGen       total 125440K, used 48567K [0x00000000a0000000, 0x00000000a7a80000, 0x00000000e0000000)
  object space 125440K, 38% used [0x00000000a0000000,0x00000000a2f6dee8,0x00000000a7a80000)
 Metaspace       used 80472K, capacity 83516K, committed 83864K, reserved 1122304K
  class space    used 10417K, capacity 11058K, committed 11184K, reserved 1048576K
Event: 99.187 GC heap after
Heap after GC invocations=20 (full 3):
 PSYoungGen      total 259072K, used 4896K [0x00000000e0000000, 0x00000000f4000000, 0x0000000100000000)
  eden space 234496K, 0% used [0x00000000e0000000,0x00000000e0000000,0x00000000ee500000)
  from space 24576K, 19% used [0x00000000ee500000,0x00000000ee9c81c0,0x00000000efd00000)
  to   space 24064K, 0% used [0x00000000f2880000,0x00000000f2880000,0x00000000f4000000)
 ParOldGen       total 125440K, used 61594K [0x00000000a0000000, 0x00000000a7a80000, 0x00000000e0000000)
  object space 125440K, 49% used [0x00000000a0000000,0x00000000a3c26938,0x00000000a7a80000)
 Metaspace       used 80472K, capacity 83516K, committed 83864K, reserved 1122304K
  class space    used 10417K, capacity 11058K, committed 11184K, reserved 1048576K
}
Event: 99.244 GC heap before
{Heap before GC invocations=21 (full 3):
 PSYoungGen      total 259072K, used 238943K [0x00000000e0000000, 0x00000000f4000000, 0x0000000100000000)
  eden space 234496K, 99% used [0x00000000e0000000,0x00000000ee48fa90,0x00000000ee500000)
  from space 24576K, 19% used [0x00000000ee500000,0x00000000ee9c81c0,0x00000000efd00000)
  to   space 24064K, 0% used [0x00000000f2880000,0x00000000f2880000,0x00000000f4000000)
 ParOldGen       total 125440K, used 61594K [0x00000000a0000000, 0x00000000a7a80000, 0x00000000e0000000)
  object space 125440K, 49% used [0x00000000a0000000,0x00000000a3c26938,0x00000000a7a80000)
 Metaspace       used 80482K, capacity 83516K, committed 83864K, reserved 1122304K
  class space    used 10417K, capacity 11058K, committed 11184K, reserved 1048576K
Event: 99.247 GC heap after
Heap after GC invocations=21 (full 3):
 PSYoungGen      total 303104K, used 96K [0x00000000e0000000, 0x00000000f4d80000, 0x0000000100000000)
  eden space 279040K, 0% used [0x00000000e0000000,0x00000000e0000000,0x00000000f1080000)
  from space 24064K, 0% used [0x00000000f2880000,0x00000000f2898000,0x00000000f4000000)
  to   space 24576K, 0% used [0x00000000f1080000,0x00000000f1080000,0x00000000f2880000)
 ParOldGen       total 125440K, used 63437K [0x00000000a0000000, 0x00000000a7a80000, 0x00000000e0000000)
  object space 125440K, 50% used [0x00000000a0000000,0x00000000a3df3708,0x00000000a7a80000)
 Metaspace       used 80482K, capacity 83516K, committed 83864K, reserved 1122304K
  class space    used 10417K, capacity 11058K, committed 11184K, reserved 1048576K
}
Event: 148.087 GC heap before
{Heap before GC invocations=22 (full 3):
 PSYoungGen      total 303104K, used 279049K [0x00000000e0000000, 0x00000000f4d80000, 0x0000000100000000)
  eden space 279040K, 99% used [0x00000000e0000000,0x00000000f106a578,0x00000000f1080000)
  from space 24064K, 0% used [0x00000000f2880000,0x00000000f2898000,0x00000000f4000000)
  to   space 24576K, 0% used [0x00000000f1080000,0x00000000f1080000,0x00000000f2880000)
 ParOldGen       total 125440K, used 63437K [0x00000000a0000000, 0x00000000a7a80000, 0x00000000e0000000)
  object space 125440K, 50% used [0x00000000a0000000,0x00000000a3df3708,0x00000000a7a80000)
 Metaspace       used 81242K, capacity 84348K, committed 84632K, reserved 1122304K
  class space    used 10471K, capacity 11090K, committed 11184K, reserved 1048576K
Event: 148.113 GC heap after
Heap after GC invocations=22 (full 3):
 PSYoungGen      total 303616K, used 7263K [0x00000000e0000000, 0x00000000f7a00000, 0x0000000100000000)
  eden space 279040K, 0% used [0x00000000e0000000,0x00000000e0000000,0x00000000f1080000)
  from space 24576K, 29% used [0x00000000f1080000,0x00000000f1797e30,0x00000000f2880000)
  to   space 23552K, 0% used [0x00000000f6300000,0x00000000f6300000,0x00000000f7a00000)
 ParOldGen       total 125440K, used 63469K [0x00000000a0000000, 0x00000000a7a80000, 0x00000000e0000000)
  object space 125440K, 50% used [0x00000000a0000000,0x00000000a3dfb708,0x00000000a7a80000)
 Metaspace       used 81242K, capacity 84348K, committed 84632K, reserved 1122304K
  class space    used 10471K, capacity 11090K, committed 11184K, reserved 1048576K
}

